2016-09-06 22:06:34 : 
2016-09-06 22:08:19 : {"PHPSESSID":"ohhcehs5eb3bgtvs681ce7at46","bdshare_firstime":"1472962199207"}=========request========
2016-09-06 22:09:06 : {"PHPSESSID":"ohhcehs5eb3bgtvs681ce7at46","bdshare_firstime":"1472962199207"}=========request========
2016-09-06 22:28:59 : {"app_id":"2016090301845995","source":"alipay_app_auth","app_auth_code":"0de7620b4e5d4522b53046ee52302X21"}=========返回值result========
2016-09-06 22:33:22 : {"app_id":"2016090301845995","source":"alipay_app_auth","app_auth_code":"e80689e6a3b546a69260f28bed07dF00"}=========返回值result========
2016-09-06 22:41:18 : {"app_id":"2016090301845995","source":"alipay_app_auth","app_auth_code":"e80689e6a3b546a69260f28bed07dF00"}=========返回值result========
2016-09-06 22:41:22 : {"app_id":"2016090301845995","source":"alipay_app_auth","app_auth_code":"e80689e6a3b546a69260f28bed07dF00"}=========返回值result========
2016-09-06 22:43:14 : {"app_id":"2016090301845995","source":"alipay_app_auth","app_auth_code":"e80689e6a3b546a69260f28bed07dF00"}=========返回值result========
2016-09-06 22:43:27 : {"app_id":"2016090301845995","source":"alipay_app_auth","app_auth_code":"e80689e6a3b546a69260f28bed07dF00"}=========返回值result========
2016-09-06 23:18:24 : {"request":"5"}=========写日志========
2016-09-06 23:19:30 : {"request":"5"}=========写日志========
2016-09-06 23:19:58 : {"request":"5"}=========写日志========
2016-09-06 23:27:04 : {"request":"5"}=========写日志========
2016-09-06 23:27:10 : {"request":"1"}=========写日志========
2016-09-06 23:27:13 : {"request":"2"}=========写日志========
2016-09-06 23:27:16 : {"request":"3"}=========写日志========
2016-09-06 23:27:21 : {"request":"4"}=========写日志========
2016-09-06 23:29:04 : {"request":"4"}=========写日志========
2016-09-06 23:29:07 : {"request":"4"}=========写日志========
2016-09-06 23:29:10 : {"request":"4"}=========写日志========
