2016-08-07 14:26:11 trace :
------------
Array:
from : odqkOv3yiiwS04L3ugRhT6dHJ-zc ;
to : gh_2187ab593506 ;
time : 1470551170 ;
type : event ;
event : VIEW ;
tousername : gh_2187ab593506 ;
fromusername : odqkOv3yiiwS04L3ugRhT6dHJ-zc ;
createtime : 1470551170 ;
msgtype : event ;
eventkey : http://wd.jieqiangtec.com/app/index.php?i=4&c=entry&do=shop&m=ewei_shop ;
menuid : 406523869 ;

2016-08-07 14:26:11 params :
------------
Array:
rule : -2 ;
module :  ;
message : Array ;

2016-08-07 14:26:11 response :
------------

2016-08-07 19:09:04 trace :
------------
Array:
from : odqkOv3yiiwS04L3ugRhT6dHJ-zc ;
to : gh_2187ab593506 ;
time : 1470568144 ;
type : event ;
event : VIEW ;
tousername : gh_2187ab593506 ;
fromusername : odqkOv3yiiwS04L3ugRhT6dHJ-zc ;
createtime : 1470568144 ;
msgtype : event ;
eventkey : http://wd.jieqiangtec.com/app/index.php?i=4&c=entry&do=shop&m=ewei_shop ;
menuid : 406523869 ;

2016-08-07 19:09:04 params :
------------
Array:
rule : -2 ;
module :  ;
message : Array ;

2016-08-07 19:09:04 response :
------------

2016-08-07 19:58:54 trace :
------------
Array:
from : odqkOvyDRcbsq1jfw0JDtkD5JJl4 ;
to : gh_2187ab593506 ;
time : 1470571134 ;
type : event ;
event : VIEW ;
tousername : gh_2187ab593506 ;
fromusername : odqkOvyDRcbsq1jfw0JDtkD5JJl4 ;
createtime : 1470571134 ;
msgtype : event ;
eventkey : http://wd.jieqiangtec.com/app/index.php?i=4&c=entry&do=shop&m=ewei_shop ;
menuid : 406523869 ;

2016-08-07 19:58:54 params :
------------
Array:
rule : -2 ;
module :  ;
message : Array ;

2016-08-07 19:58:54 response :
------------

