2016-12-21 23:32:38 trace :
------------
Array:
from : odqkOv3yiiwS04L3ugRhT6dHJ-zc ;
to : gh_2187ab593506 ;
time : 1482334358 ;
type : event ;
event : VIEW ;
tousername : gh_2187ab593506 ;
fromusername : odqkOv3yiiwS04L3ugRhT6dHJ-zc ;
createtime : 1482334358 ;
msgtype : event ;
eventkey : http://wd.jieqiangtec.com/app/index.php?i=4&c=entry&do=shop&m=ewei_shop ;
menuid : 407053830 ;

2016-12-21 23:32:38 params :
------------
Array:
rule : -2 ;
module :  ;
message : Array ;

2016-12-21 23:32:38 response :
------------

