2016-06-07 20:46:40 trace :
------------
Array:
from : odBHXs_XYuc1kanwbqY6TKrizPqE ;
to : gh_b345808ae94f ;
time : 1465303600 ;
type : text ;
event :  ;
tousername : gh_b345808ae94f ;
fromusername : odBHXs_XYuc1kanwbqY6TKrizPqE ;
createtime : 1465303600 ;
msgtype : text ;
content : 111 ;
msgid : 6293431041122154161 ;
redirection :  ;
source :  ;

2016-06-07 20:46:40 params :
------------
Array:
message : Array ;
module : basic ;
rule : 9 ;
priority : 0 ;
keyword : Array ;

2016-06-07 20:46:40 response :
------------
Array:
FromUserName : gh_b345808ae94f ;
ToUserName : odBHXs_XYuc1kanwbqY6TKrizPqE ;
MsgType : text ;
Content : 111 ;

2016-06-07 20:46:44 trace :
------------
Array:
from : odBHXs_XYuc1kanwbqY6TKrizPqE ;
to : gh_b345808ae94f ;
time : 1465303603 ;
type : text ;
event :  ;
tousername : gh_b345808ae94f ;
fromusername : odBHXs_XYuc1kanwbqY6TKrizPqE ;
createtime : 1465303603 ;
msgtype : text ;
content : 商城 ;
msgid : 6293431054007056052 ;
redirection :  ;
source :  ;

2016-06-07 20:46:44 params :
------------
Array:
rule : -2 ;
module :  ;
message : Array ;

2016-06-07 20:46:44 response :
------------

