2016-08-05 13:03:47 trace :
------------
Array:
from : odqkOv3yiiwS04L3ugRhT6dHJ-zc ;
to : gh_2187ab593506 ;
time : 1470373426 ;
type : event ;
event : VIEW ;
tousername : gh_2187ab593506 ;
fromusername : odqkOv3yiiwS04L3ugRhT6dHJ-zc ;
createtime : 1470373426 ;
msgtype : event ;
eventkey : http://wd.jieqiangtec.com/app/index.php?i=4&c=entry&do=shop&m=ewei_shop ;
menuid : 406523869 ;

2016-08-05 13:03:47 params :
------------
Array:
rule : -2 ;
module :  ;
message : Array ;

2016-08-05 13:03:47 response :
------------

2016-08-05 13:03:58 trace :
------------
Array:
from : odqkOv3yiiwS04L3ugRhT6dHJ-zc ;
to : gh_2187ab593506 ;
time : 1470373437 ;
type : event ;
event : VIEW ;
tousername : gh_2187ab593506 ;
fromusername : odqkOv3yiiwS04L3ugRhT6dHJ-zc ;
createtime : 1470373437 ;
msgtype : event ;
eventkey : http://wd.jieqiangtec.com/app/index.php?i=4&c=entry&do=shop&m=ewei_shop ;
menuid : 406523869 ;

2016-08-05 13:03:58 params :
------------
Array:
rule : -2 ;
module :  ;
message : Array ;

2016-08-05 13:03:58 response :
------------

2016-08-05 13:04:31 trace :
------------
Array:
from : odqkOv3yiiwS04L3ugRhT6dHJ-zc ;
to : gh_2187ab593506 ;
time : 1470373471 ;
type : event ;
event : TEMPLATESENDJOBFINISH ;
tousername : gh_2187ab593506 ;
fromusername : odqkOv3yiiwS04L3ugRhT6dHJ-zc ;
createtime : 1470373471 ;
msgtype : event ;
msgid : 406973243 ;
status : success ;

2016-08-05 13:04:31 params :
------------
Array:
rule : -2 ;
module :  ;
message : Array ;

2016-08-05 13:04:31 response :
------------

2016-08-05 13:05:20 trace :
------------
Array:
from : odqkOv3yiiwS04L3ugRhT6dHJ-zc ;
to : gh_2187ab593506 ;
time : 1470373520 ;
type : event ;
event : VIEW ;
tousername : gh_2187ab593506 ;
fromusername : odqkOv3yiiwS04L3ugRhT6dHJ-zc ;
createtime : 1470373520 ;
msgtype : event ;
eventkey : http://wd.jieqiangtec.com/app/index.php?i=4&c=entry&do=shop&m=ewei_shop ;
menuid : 406523869 ;

2016-08-05 13:05:20 params :
------------
Array:
rule : -2 ;
module :  ;
message : Array ;

2016-08-05 13:05:20 response :
------------

2016-08-05 13:05:30 trace :
------------
Array:
from : odqkOv3yiiwS04L3ugRhT6dHJ-zc ;
to : gh_2187ab593506 ;
time : 1470373530 ;
type : event ;
event : VIEW ;
tousername : gh_2187ab593506 ;
fromusername : odqkOv3yiiwS04L3ugRhT6dHJ-zc ;
createtime : 1470373530 ;
msgtype : event ;
eventkey : http://wd.jieqiangtec.com/app/index.php?i=4&c=entry&do=shop&m=ewei_shop ;
menuid : 406523869 ;

2016-08-05 13:05:30 params :
------------
Array:
rule : -2 ;
module :  ;
message : Array ;

2016-08-05 13:05:30 response :
------------

2016-08-05 13:06:44 trace :
------------
Array:
from : odqkOvyDRcbsq1jfw0JDtkD5JJl4 ;
to : gh_2187ab593506 ;
time : 1470373604 ;
type : event ;
event : VIEW ;
tousername : gh_2187ab593506 ;
fromusername : odqkOvyDRcbsq1jfw0JDtkD5JJl4 ;
createtime : 1470373604 ;
msgtype : event ;
eventkey : http://wd.jieqiangtec.com/app/index.php?i=4&c=entry&do=shop&m=ewei_shop ;
menuid : 406523869 ;

2016-08-05 13:06:44 params :
------------
Array:
rule : -2 ;
module :  ;
message : Array ;

2016-08-05 13:06:44 response :
------------

