2016-07-21 22:13:40 trace :
------------
Array:
from : odqkOv3yiiwS04L3ugRhT6dHJ-zc ;
to : gh_2187ab593506 ;
time : 1469110419 ;
type : event ;
event : VIEW ;
tousername : gh_2187ab593506 ;
fromusername : odqkOv3yiiwS04L3ugRhT6dHJ-zc ;
createtime : 1469110419 ;
msgtype : event ;
eventkey : http://wd.jieqiangtec.com/app/index.php?i=4&c=entry&do=shop&m=ewei_shop ;
menuid : 406523869 ;

2016-07-21 22:13:40 params :
------------
Array:
rule : -2 ;
module :  ;
message : Array ;

2016-07-21 22:13:40 response :
------------

2016-07-21 22:20:09 trace :
------------
Array:
from : odqkOv3yiiwS04L3ugRhT6dHJ-zc ;
to : gh_2187ab593506 ;
time : 1469110809 ;
type : event ;
event : VIEW ;
tousername : gh_2187ab593506 ;
fromusername : odqkOv3yiiwS04L3ugRhT6dHJ-zc ;
createtime : 1469110809 ;
msgtype : event ;
eventkey : http://wd.jieqiangtec.com/app/index.php?i=4&c=entry&do=shop&m=ewei_shop ;
menuid : 406523869 ;

2016-07-21 22:20:09 params :
------------
Array:
rule : -2 ;
module :  ;
message : Array ;

2016-07-21 22:20:09 response :
------------

2016-07-21 22:55:33 trace :
------------
Array:
from : odqkOv3yiiwS04L3ugRhT6dHJ-zc ;
to : gh_2187ab593506 ;
time : 1469112933 ;
type : event ;
event : VIEW ;
tousername : gh_2187ab593506 ;
fromusername : odqkOv3yiiwS04L3ugRhT6dHJ-zc ;
createtime : 1469112933 ;
msgtype : event ;
eventkey : http://wd.jieqiangtec.com/app/index.php?i=4&c=entry&do=shop&m=ewei_shop ;
menuid : 406523869 ;

2016-07-21 22:55:33 params :
------------
Array:
rule : -2 ;
module :  ;
message : Array ;

2016-07-21 22:55:33 response :
------------

2016-07-21 22:57:14 trace :
------------
Array:
from : odqkOv3yiiwS04L3ugRhT6dHJ-zc ;
to : gh_2187ab593506 ;
time : 1469113034 ;
type : event ;
event : TEMPLATESENDJOBFINISH ;
tousername : gh_2187ab593506 ;
fromusername : odqkOv3yiiwS04L3ugRhT6dHJ-zc ;
createtime : 1469113034 ;
msgtype : event ;
msgid : 406837838 ;
status : success ;

2016-07-21 22:57:14 params :
------------
Array:
rule : -2 ;
module :  ;
message : Array ;

2016-07-21 22:57:14 response :
------------

2016-07-21 22:57:23 trace :
------------
Array:
from : odqkOv3yiiwS04L3ugRhT6dHJ-zc ;
to : gh_2187ab593506 ;
time : 1469113043 ;
type : event ;
event : TEMPLATESENDJOBFINISH ;
tousername : gh_2187ab593506 ;
fromusername : odqkOv3yiiwS04L3ugRhT6dHJ-zc ;
createtime : 1469113043 ;
msgtype : event ;
msgid : 406837839 ;
status : success ;

2016-07-21 22:57:23 params :
------------
Array:
rule : -2 ;
module :  ;
message : Array ;

2016-07-21 22:57:23 response :
------------

