2016-09-15 00:25:33 trace :
------------
Array:
from : odqkOv3yiiwS04L3ugRhT6dHJ-zc ;
to : gh_2187ab593506 ;
time : 1473870333 ;
type : event ;
event : VIEW ;
tousername : gh_2187ab593506 ;
fromusername : odqkOv3yiiwS04L3ugRhT6dHJ-zc ;
createtime : 1473870333 ;
msgtype : event ;
eventkey : http://wd.jieqiangtec.com/app/index.php?i=4&c=entry&do=shop&m=ewei_shop ;
menuid : 407053830 ;

2016-09-15 00:25:33 params :
------------
Array:
rule : -2 ;
module :  ;
message : Array ;

2016-09-15 00:25:33 response :
------------

2016-09-15 00:26:38 trace :
------------
Array:
from : odqkOv3yiiwS04L3ugRhT6dHJ-zc ;
to : gh_2187ab593506 ;
time : 1473870398 ;
type : event ;
event : TEMPLATESENDJOBFINISH ;
tousername : gh_2187ab593506 ;
fromusername : odqkOv3yiiwS04L3ugRhT6dHJ-zc ;
createtime : 1473870398 ;
msgtype : event ;
msgid : 407388610 ;
status : success ;

2016-09-15 00:26:38 params :
------------
Array:
rule : -2 ;
module :  ;
message : Array ;

2016-09-15 00:26:38 response :
------------

