2016-07-27 22:44:00 trace :
------------
Array:
from : odqkOv3yiiwS04L3ugRhT6dHJ-zc ;
to : gh_2187ab593506 ;
time : 1469630639 ;
type : event ;
event : VIEW ;
tousername : gh_2187ab593506 ;
fromusername : odqkOv3yiiwS04L3ugRhT6dHJ-zc ;
createtime : 1469630639 ;
msgtype : event ;
eventkey : http://wd.jieqiangtec.com/app/index.php?i=4&c=entry&do=shop&m=ewei_shop ;
menuid : 406523869 ;

2016-07-27 22:44:00 params :
------------
Array:
rule : -2 ;
module :  ;
message : Array ;

2016-07-27 22:44:00 response :
------------

