2016-07-22 08:18:48 trace :
------------
Array:
from : odqkOv3yiiwS04L3ugRhT6dHJ-zc ;
to : gh_2187ab593506 ;
time : 1469146727 ;
type : event ;
event : VIEW ;
tousername : gh_2187ab593506 ;
fromusername : odqkOv3yiiwS04L3ugRhT6dHJ-zc ;
createtime : 1469146727 ;
msgtype : event ;
eventkey : http://wd.jieqiangtec.com/app/index.php?i=4&c=entry&do=shop&m=ewei_shop ;
menuid : 406523869 ;

2016-07-22 08:18:48 params :
------------
Array:
rule : -2 ;
module :  ;
message : Array ;

2016-07-22 08:18:48 response :
------------

2016-07-22 08:42:20 trace :
------------
Array:
from : odqkOv3yiiwS04L3ugRhT6dHJ-zc ;
to : gh_2187ab593506 ;
time : 1469148140 ;
type : event ;
event : VIEW ;
tousername : gh_2187ab593506 ;
fromusername : odqkOv3yiiwS04L3ugRhT6dHJ-zc ;
createtime : 1469148140 ;
msgtype : event ;
eventkey : http://wd.jieqiangtec.com/app/index.php?i=4&c=entry&do=shop&m=ewei_shop ;
menuid : 406523869 ;

2016-07-22 08:42:20 params :
------------
Array:
rule : -2 ;
module :  ;
message : Array ;

2016-07-22 08:42:20 response :
------------

2016-07-22 08:45:16 trace :
------------
Array:
from : odqkOv3yiiwS04L3ugRhT6dHJ-zc ;
to : gh_2187ab593506 ;
time : 1469148316 ;
type : event ;
event : VIEW ;
tousername : gh_2187ab593506 ;
fromusername : odqkOv3yiiwS04L3ugRhT6dHJ-zc ;
createtime : 1469148316 ;
msgtype : event ;
eventkey : http://wd.jieqiangtec.com/app/index.php?i=4&c=entry&do=shop&m=ewei_shop ;
menuid : 406523869 ;

2016-07-22 08:45:16 params :
------------
Array:
rule : -2 ;
module :  ;
message : Array ;

2016-07-22 08:45:16 response :
------------

