2016-11-20 12:57:02 trace :
------------
Array:
from : odqkOv3yiiwS04L3ugRhT6dHJ-zc ;
to : gh_2187ab593506 ;
time : 1479617821 ;
type : event ;
event : VIEW ;
tousername : gh_2187ab593506 ;
fromusername : odqkOv3yiiwS04L3ugRhT6dHJ-zc ;
createtime : 1479617821 ;
msgtype : event ;
eventkey : http://wd.jieqiangtec.com/app/index.php?i=4&c=entry&do=shop&m=ewei_shop ;
menuid : 407053830 ;

2016-11-20 12:57:02 params :
------------
Array:
rule : -2 ;
module :  ;
message : Array ;

2016-11-20 12:57:02 response :
------------

2016-11-20 12:59:09 trace :
------------
Array:
from : odqkOv3yiiwS04L3ugRhT6dHJ-zc ;
to : gh_2187ab593506 ;
time : 1479617949 ;
type : event ;
event : TEMPLATESENDJOBFINISH ;
tousername : gh_2187ab593506 ;
fromusername : odqkOv3yiiwS04L3ugRhT6dHJ-zc ;
createtime : 1479617949 ;
msgtype : event ;
msgid : 408344288 ;
status : success ;

2016-11-20 12:59:09 params :
------------
Array:
rule : -2 ;
module :  ;
message : Array ;

2016-11-20 12:59:09 response :
------------

