2016-10-24 00:49:30 trace :
------------
Array:
from : odqkOv3yiiwS04L3ugRhT6dHJ-zc ;
to : gh_2187ab593506 ;
time : 1477241370 ;
type : event ;
event : VIEW ;
tousername : gh_2187ab593506 ;
fromusername : odqkOv3yiiwS04L3ugRhT6dHJ-zc ;
createtime : 1477241370 ;
msgtype : event ;
eventkey : http://wd.jieqiangtec.com/app/index.php?i=4&c=entry&do=shop&m=ewei_shop ;
menuid : 407053830 ;

2016-10-24 00:49:30 params :
------------
Array:
rule : -2 ;
module :  ;
message : Array ;

2016-10-24 00:49:30 response :
------------

2016-10-24 12:23:07 trace :
------------
Array:
from : odqkOv3yiiwS04L3ugRhT6dHJ-zc ;
to : gh_2187ab593506 ;
time : 1477282987 ;
type : event ;
event : VIEW ;
tousername : gh_2187ab593506 ;
fromusername : odqkOv3yiiwS04L3ugRhT6dHJ-zc ;
createtime : 1477282987 ;
msgtype : event ;
eventkey : http://wd.jieqiangtec.com/app/index.php?i=4&c=entry&do=shop&m=ewei_shop ;
menuid : 407053830 ;

2016-10-24 12:23:07 params :
------------
Array:
rule : -2 ;
module :  ;
message : Array ;

2016-10-24 12:23:07 response :
------------

2016-10-24 12:25:00 trace :
------------
Array:
from : odqkOv3yiiwS04L3ugRhT6dHJ-zc ;
to : gh_2187ab593506 ;
time : 1477283100 ;
type : event ;
event : VIEW ;
tousername : gh_2187ab593506 ;
fromusername : odqkOv3yiiwS04L3ugRhT6dHJ-zc ;
createtime : 1477283100 ;
msgtype : event ;
eventkey : http://wd.jieqiangtec.com/app/index.php?i=4&c=entry&do=shop&m=ewei_shop ;
menuid : 407053830 ;

2016-10-24 12:25:00 params :
------------
Array:
rule : -2 ;
module :  ;
message : Array ;

2016-10-24 12:25:00 response :
------------

