2017-04-12 08:39:08 trace :
------------
Array:
from : odqkOvyDRcbsq1jfw0JDtkD5JJl4 ;
to : gh_2187ab593506 ;
time : 1491957548 ;
type : event ;
event : VIEW ;
tousername : gh_2187ab593506 ;
fromusername : odqkOvyDRcbsq1jfw0JDtkD5JJl4 ;
createtime : 1491957548 ;
msgtype : event ;
eventkey : http://wd.jieqiangtec.com/app/index.php?i=4&c=entry&do=shop&m=ewei_shop ;
menuid : 407053830 ;

2017-04-12 08:39:08 params :
------------
Array:
rule : -2 ;
module :  ;
message : Array ;

2017-04-12 08:39:08 response :
------------

2017-04-12 20:01:53 trace :
------------
Array:
from : odqkOv3yiiwS04L3ugRhT6dHJ-zc ;
to : gh_2187ab593506 ;
time : 1491998513 ;
type : text ;
event :  ;
tousername : gh_2187ab593506 ;
fromusername : odqkOv3yiiwS04L3ugRhT6dHJ-zc ;
createtime : 1491998513 ;
msgtype : text ;
content : 人民的名义：如果你老公是高育良那样的男人
 ;
msgid : 6408084819426262816 ;
redirection :  ;
source :  ;

2017-04-12 20:01:53 params :
------------
Array:
rule : -2 ;
module :  ;
message : Array ;

2017-04-12 20:01:53 response :
------------

2017-04-12 20:01:53 trace :
------------
Array:
from : odqkOv3yiiwS04L3ugRhT6dHJ-zc ;
to : gh_2187ab593506 ;
time : 1491998513 ;
type : text ;
event :  ;
tousername : gh_2187ab593506 ;
fromusername : odqkOv3yiiwS04L3ugRhT6dHJ-zc ;
createtime : 1491998513 ;
msgtype : text ;
content : 她既有书记夫人的优雅，也有大学教授的涵养，是众人眼中的“贤内助”，也是令众人羡慕的“成功女人”。高育良与吴慧芬的婚姻，在外人看来幸福美满，其实早在10几年前就名存实。
高育良下马
10年前赵瑞龙和杜伯仲为了贿赂高育良使出大招，把土气的渔家姑娘高小凤，塑造成了一个知书达礼、善解人意的小可人。请吕州师范学院的明史专家为高小凤恶补高育良所熟悉的明史。高育良很欣赏这位漂亮的服务员满腹诗书，她竟能跟他讨论黄仁宇的《万历十五年》
说到谈历史，高育良的妻子吴慧芬是历史学教授，完全醉翁之意不在酒，中年男人想得到一个年轻女人的爱和倾慕，总需要装优雅绅士和成熟，这样才能更好的施展自己的人格魅力。
迎宾的红地毯上，高育良与高小凤谈得意味正浓时，小凤忽然一阵晕眩，软软地倒在了高育良怀里。后来赵瑞龙和杜伯仲送给小高一栋别墅，让高育良和小高继续自己的学术研究。
 ;
msgid : 6408084819426262818 ;
redirection :  ;
source :  ;

2017-04-12 20:01:53 trace :
------------
Array:
from : odqkOv3yiiwS04L3ugRhT6dHJ-zc ;
to : gh_2187ab593506 ;
time : 1491998513 ;
type : text ;
event :  ;
tousername : gh_2187ab593506 ;
fromusername : odqkOv3yiiwS04L3ugRhT6dHJ-zc ;
createtime : 1491998513 ;
msgtype : text ;
content : 换一换 查看更多
转发
评论
评论

微博精彩热门微博热门话题名人堂微博会员微相册微游戏微指数手机玩微博扫码下载，更多版本
戳这里认证&合作申请认证开放平台企业微博链接网站微博标识广告服务微博商学院微博帮助常见问题自助服务
关于微博微博帮助意见反馈舞弊举报开放平台微博招聘新浪网导航社区管理中心微博社区公约京ICP证100780号互联网药品服务许可证
Copyright ? 2009-2015 WEIBO 北京微梦创科网络技术有限公司京网文[2014]2046-296号京ICP备12002058号增值电信业务经营许可证B2-20140447                中文(简体)                ;
msgid : 6408084819426262822 ;
redirection :  ;
source :  ;

2017-04-12 20:01:53 trace :
------------
Array:
from : odqkOv3yiiwS04L3ugRhT6dHJ-zc ;
to : gh_2187ab593506 ;
time : 1491998513 ;
type : text ;
event :  ;
tousername : gh_2187ab593506 ;
fromusername : odqkOv3yiiwS04L3ugRhT6dHJ-zc ;
createtime : 1491998513 ;
msgtype : text ;
content : 情感聚焦海安
+关注
推荐阅读
 ;
msgid : 6408084819426262821 ;
redirection :  ;
source :  ;

2017-04-12 20:01:53 params :
------------
Array:
rule : -2 ;
module :  ;
message : Array ;

2017-04-12 20:01:53 response :
------------

2017-04-12 20:01:53 trace :
------------
Array:
from : odqkOv3yiiwS04L3ugRhT6dHJ-zc ;
to : gh_2187ab593506 ;
time : 1491998513 ;
type : text ;
event :  ;
tousername : gh_2187ab593506 ;
fromusername : odqkOv3yiiwS04L3ugRhT6dHJ-zc ;
createtime : 1491998513 ;
msgtype : text ;
content : 她与谁结婚目标都是有身份地位的男人，她需要男人的头衔为自己增加光彩。高育良与吴慧芳与其说是夫妻，不如说是最佳搭档。他们两人谁都不爱对方，他们要对方名片为自己加分。他们之间是战友关系。高育良骨子里是个浪漫的男人，他敢于与高小凤结婚生子，也愿意拼命贪污腐败，他所有的一切不过是退休后去香港，过有爱情的日子。
高育良是一个悲剧的男人，在他所有世故伪装的外表下，有一颗浪漫的心。而高冷的吴慧芬却是一个只要名分的女人，她与其说爱高育良不如说爱高育良妻子的光环。有一种女人她对男人不存在爱不爱，她要的是聚光灯效应。知识分子的婚姻，最大的无奈是大家都放不开彼此，都在学院派的紧箍咒下生活。
婚姻需要懂得
男人在娶妻的时候，有时候不是爱他们的妻子，而是他们妻子的身份让他增加了名誉感。女人嫁给男人的时候，有时候也不爱这个男人，她要的是这个男人的身份。共同利益的婚姻没什么不好，但人毕竟是感情动物。
高育良最终倒在高小凤怀里，是他自己受够了无爱的婚姻，他想要个婚外情的出口，并且他愿意为自己婚外情买单，其实高育良是蛮好的男人，他一直忠诚一个情妇，情妇用儿子就套牢了他的心，并且他愿意冒毕生奉献去给自己情妇和孩子赢得好生活。​​​​
 ;
msgid : 6408084819426262820 ;
redirection :  ;
source :  ;

2017-04-12 20:01:53 trace :
------------
Array:
from : odqkOv3yiiwS04L3ugRhT6dHJ-zc ;
to : gh_2187ab593506 ;
time : 1491998513 ;
type : text ;
event :  ;
tousername : gh_2187ab593506 ;
fromusername : odqkOv3yiiwS04L3ugRhT6dHJ-zc ;
createtime : 1491998513 ;
msgtype : text ;
content : 高小凤最终喜欢上了高玉良的成熟与睿智，他们两人在香港结婚并生了一个儿子。从此高育良走上贪污腐败的不归路，并在香港设立了2亿元的投资集团基金，而高小凤姐姐高小琴真是这家公司股东。
高育良妻子吴慧芳知道丈夫在香港有小老婆和孩子以后，他们两人协商离婚，并约好高育良退休后大陆的一切都是她的，他去香港陪高小凤和儿子。高育良和吴慧芬早年是有感情的，只不过多年以后高育良没压抑住自己的欲望。
他与其说是迷上了小高，他迷的只是他与妻子年轻的时候，当妻子不再年轻，婚姻生活一成不变时，身居高位的高育良不爱钱，他爱美人。他为了高小凤和自己的儿子，不惜贪赃枉法。于情他迷恋他年小的妻子，于理他不觉得自己对前妻吴慧芬有所伤害。
官太太的婚姻
吴慧芳是很大气独立的女人，她要面子她要一个丈夫恩爱的名头，她要的有时候就是高育良的门面。当一对高级知识分子夫妻不再恩爱，他们也得继续演戏。他们需要彼此的演技，来满足自己身份的需求。
如果你有一个高育良这样的老公，他看起来很完美，完美的你找不到他到底有什么缺陷。他只是在跟自己演戏，这种男人很虚伪势力，他们掌控欲望很强，他们最爱的不是情妇，他们需要一种安定感。高育良为何会厌倦吴慧芳，吴慧芬是那种不要爱情的女人，她要的是婚姻。
 ;
msgid : 6408084819426262819 ;
redirection :  ;
source :  ;

2017-04-12 20:01:53 trace :
------------
Array:
from : odqkOv3yiiwS04L3ugRhT6dHJ-zc ;
to : gh_2187ab593506 ;
time : 1491998513 ;
type : text ;
event :  ;
tousername : gh_2187ab593506 ;
fromusername : odqkOv3yiiwS04L3ugRhT6dHJ-zc ;
createtime : 1491998513 ;
msgtype : text ;
content : 情感聚焦海安 作者： 网易 2017-04-12 12:04:00 举报 查看源网址
阅读数：127
​​在电视剧《人民的名义》中，高育良是一位学者型的男人，温文尔雅，仪表堂堂，博学多才。早年他是政法系主任，陈海是他教出来的，公安厅厅长祁同伟和反贪局长侯亮平也都是他的得意门生。多年以后高育良混迹政坛，成了京州省委副书记、兼政法委书记。
高育良有很高的政治觉悟和政治野心，做事谨慎钱财不收、老谋胜算、处世圆滑、道貌岸然。他的妻子吴慧芬有着知性、高冷、博学多才，是有名的历史系教授。
 ;
msgid : 6408084819426262817 ;
redirection :  ;
source :  ;

2017-04-12 20:01:53 trace :
------------
Array:
from : odqkOv3yiiwS04L3ugRhT6dHJ-zc ;
to : gh_2187ab593506 ;
time : 1491998512 ;
type : text ;
event :  ;
tousername : gh_2187ab593506 ;
fromusername : odqkOv3yiiwS04L3ugRhT6dHJ-zc ;
createtime : 1491998512 ;
msgtype : text ;
content : 
大家正在搜：贾乃亮的游乐园f
E首页
视频
F发现
G游戏
H街墙2
I23
*
ß
 ;
msgid : 6408084815131295519 ;
redirection :  ;
source :  ;

2017-04-12 20:01:53 params :
------------
Array:
rule : -2 ;
module :  ;
message : Array ;

2017-04-12 20:01:53 response :
------------

2017-04-12 20:01:54 trace :
------------
Array:
from : odqkOv3yiiwS04L3ugRhT6dHJ-zc ;
to : gh_2187ab593506 ;
time : 1491998513 ;
type : image ;
event :  ;
tousername : gh_2187ab593506 ;
fromusername : odqkOv3yiiwS04L3ugRhT6dHJ-zc ;
createtime : 1491998513 ;
msgtype : image ;
picurl : http://mmbiz.qpic.cn/mmbiz_jpg/nlX9GeD1tGvkGg2Y6muyVoEv2SicIXHKQ2qhZvia3KziaZuyq2puXpGYMNVwmUPzAkTIlGr1FbsaNyaLMUdib2lLAg/0 ;
msgid : 6408084819426262824 ;
mediaid : m7l784ccRhg0l_T_3fLMRRuH-_XgrwA42d3pf8ElIoNigL1_Ncy06Ff2D03r9TUD ;
url : http://mmbiz.qpic.cn/mmbiz_jpg/nlX9GeD1tGvkGg2Y6muyVoEv2SicIXHKQ2qhZvia3KziaZuyq2puXpGYMNVwmUPzAkTIlGr1FbsaNyaLMUdib2lLAg/0 ;

2017-04-12 20:01:54 trace :
------------
Array:
from : odqkOv3yiiwS04L3ugRhT6dHJ-zc ;
to : gh_2187ab593506 ;
time : 1491998513 ;
type : image ;
event :  ;
tousername : gh_2187ab593506 ;
fromusername : odqkOv3yiiwS04L3ugRhT6dHJ-zc ;
createtime : 1491998513 ;
msgtype : image ;
picurl : http://mmbiz.qpic.cn/mmbiz_jpg/nlX9GeD1tGvkGg2Y6muyVoEv2SicIXHKQ7rznxxHcrDS2FlxfEP7GQiaVS1W5aofvXWxdS2Ba9n31lE26sym4U7Q/0 ;
msgid : 6408084819426262823 ;
mediaid : HFcC78_77d34uDe-SwShYn6pCpJn_wwh7Nu-UTE89k0y0yc9W5FQB4FQaAstPn4_ ;
url : http://mmbiz.qpic.cn/mmbiz_jpg/nlX9GeD1tGvkGg2Y6muyVoEv2SicIXHKQ7rznxxHcrDS2FlxfEP7GQiaVS1W5aofvXWxdS2Ba9n31lE26sym4U7Q/0 ;

2017-04-12 20:01:54 params :
------------
Array:
rule : -2 ;
module :  ;
message : Array ;

2017-04-12 20:01:54 response :
------------

2017-04-12 20:01:54 trace :
------------
Array:
from : odqkOv3yiiwS04L3ugRhT6dHJ-zc ;
to : gh_2187ab593506 ;
time : 1491998513 ;
type : image ;
event :  ;
tousername : gh_2187ab593506 ;
fromusername : odqkOv3yiiwS04L3ugRhT6dHJ-zc ;
createtime : 1491998513 ;
msgtype : image ;
picurl : http://mmbiz.qpic.cn/mmbiz_jpg/nlX9GeD1tGvkGg2Y6muyVoEv2SicIXHKQ7rznxxHcrDS2FlxfEP7GQiaVS1W5aofvXWxdS2Ba9n31lE26sym4U7Q/0 ;
msgid : 6408084819426262825 ;
mediaid : z8DZJWCWEMVdTyaVMqdIjy1fyoQMR1qQV2qVblrt83TzpmGEeUCqF2TGcXWbtf7C ;
url : http://mmbiz.qpic.cn/mmbiz_jpg/nlX9GeD1tGvkGg2Y6muyVoEv2SicIXHKQ7rznxxHcrDS2FlxfEP7GQiaVS1W5aofvXWxdS2Ba9n31lE26sym4U7Q/0 ;

2017-04-12 20:01:54 params :
------------
Array:
rule : -2 ;
module :  ;
message : Array ;

2017-04-12 20:01:54 response :
------------

2017-04-12 20:01:54 params :
------------
Array:
rule : -2 ;
module :  ;
message : Array ;

2017-04-12 20:01:54 response :
------------

2017-04-12 20:01:54 trace :
------------
Array:
from : odqkOv3yiiwS04L3ugRhT6dHJ-zc ;
to : gh_2187ab593506 ;
time : 1491998514 ;
type : image ;
event :  ;
tousername : gh_2187ab593506 ;
fromusername : odqkOv3yiiwS04L3ugRhT6dHJ-zc ;
createtime : 1491998514 ;
msgtype : image ;
picurl : http://mmbiz.qpic.cn/mmbiz_jpg/nlX9GeD1tGvkGg2Y6muyVoEv2SicIXHKQHP0dcbz4ADrdwSKXtFfFdDAT2aIaUMLF71icDgBUPsI7HFfb3AzKbXA/0 ;
msgid : 6408084823721230122 ;
mediaid : HarjFzjSk3Ga31fbJpme3koyBUqmOkDQPSbIzYzh_3YuMM1MeTGd7SVWicZMsKWO ;
url : http://mmbiz.qpic.cn/mmbiz_jpg/nlX9GeD1tGvkGg2Y6muyVoEv2SicIXHKQHP0dcbz4ADrdwSKXtFfFdDAT2aIaUMLF71icDgBUPsI7HFfb3AzKbXA/0 ;

2017-04-12 20:01:54 params :
------------
Array:
rule : -2 ;
module :  ;
message : Array ;

2017-04-12 20:01:54 response :
------------

2017-04-12 20:01:54 trace :
------------
Array:
from : odqkOv3yiiwS04L3ugRhT6dHJ-zc ;
to : gh_2187ab593506 ;
time : 1491998514 ;
type : image ;
event :  ;
tousername : gh_2187ab593506 ;
fromusername : odqkOv3yiiwS04L3ugRhT6dHJ-zc ;
createtime : 1491998514 ;
msgtype : image ;
picurl : http://mmbiz.qpic.cn/mmbiz_jpg/nlX9GeD1tGvkGg2Y6muyVoEv2SicIXHKQ2qhZvia3KziaZuyq2puXpGYMNVwmUPzAkTIlGr1FbsaNyaLMUdib2lLAg/0 ;
msgid : 6408084823721230124 ;
mediaid : wM0OLZ4ugVFNnf9Gx2heI16uSRs6c3QhARVaqG0_4FiDUbAHoBSMKem0muf7a8a7 ;
url : http://mmbiz.qpic.cn/mmbiz_jpg/nlX9GeD1tGvkGg2Y6muyVoEv2SicIXHKQ2qhZvia3KziaZuyq2puXpGYMNVwmUPzAkTIlGr1FbsaNyaLMUdib2lLAg/0 ;

2017-04-12 20:01:54 params :
------------
Array:
rule : -2 ;
module :  ;
message : Array ;

2017-04-12 20:01:54 response :
------------

2017-04-12 20:01:54 trace :
------------
Array:
from : odqkOv3yiiwS04L3ugRhT6dHJ-zc ;
to : gh_2187ab593506 ;
time : 1491998514 ;
type : image ;
event :  ;
tousername : gh_2187ab593506 ;
fromusername : odqkOv3yiiwS04L3ugRhT6dHJ-zc ;
createtime : 1491998514 ;
msgtype : image ;
picurl : http://mmbiz.qpic.cn/mmbiz_jpg/nlX9GeD1tGvkGg2Y6muyVoEv2SicIXHKQGeXIkAJbp3Xx1HkrInrbOoD2S3EibiadzK3hEgQJOAWIvy5SVp7ZVbfw/0 ;
msgid : 6408084823721230123 ;
mediaid : X2TTGNTYB5U1npS6Rpx_q23cDvOOtkXaD_xqZcNr5kIMF-nlV6i7n8hD3CEcR0la ;
url : http://mmbiz.qpic.cn/mmbiz_jpg/nlX9GeD1tGvkGg2Y6muyVoEv2SicIXHKQGeXIkAJbp3Xx1HkrInrbOoD2S3EibiadzK3hEgQJOAWIvy5SVp7ZVbfw/0 ;

2017-04-12 20:01:55 params :
------------
Array:
rule : -2 ;
module :  ;
message : Array ;

2017-04-12 20:01:55 response :
------------

2017-04-12 20:01:55 trace :
------------
Array:
from : odqkOv3yiiwS04L3ugRhT6dHJ-zc ;
to : gh_2187ab593506 ;
time : 1491998514 ;
type : image ;
event :  ;
tousername : gh_2187ab593506 ;
fromusername : odqkOv3yiiwS04L3ugRhT6dHJ-zc ;
createtime : 1491998514 ;
msgtype : image ;
picurl : http://mmbiz.qpic.cn/mmbiz_jpg/nlX9GeD1tGvkGg2Y6muyVoEv2SicIXHKQudZ1EbPgCUQTINXUWE0WdMtTLqaBdzyfbqQxxCMtqrNnmqDibsMwNTg/0 ;
msgid : 6408084823721230125 ;
mediaid : Uqlf9No0HihgkwoiNru_cr8H97gNMhe8n3gRQY-mwtMdhKPR2nzWXniJ4ifgMJp3 ;
url : http://mmbiz.qpic.cn/mmbiz_jpg/nlX9GeD1tGvkGg2Y6muyVoEv2SicIXHKQudZ1EbPgCUQTINXUWE0WdMtTLqaBdzyfbqQxxCMtqrNnmqDibsMwNTg/0 ;

2017-04-12 20:01:55 params :
------------
Array:
rule : -2 ;
module :  ;
message : Array ;

2017-04-12 20:01:55 response :
------------

2017-04-12 20:01:55 trace :
------------
Array:
from : odqkOv3yiiwS04L3ugRhT6dHJ-zc ;
to : gh_2187ab593506 ;
time : 1491998514 ;
type : image ;
event :  ;
tousername : gh_2187ab593506 ;
fromusername : odqkOv3yiiwS04L3ugRhT6dHJ-zc ;
createtime : 1491998514 ;
msgtype : image ;
picurl : http://mmbiz.qpic.cn/mmbiz_jpg/nlX9GeD1tGvkGg2Y6muyVoEv2SicIXHKQvBdvq7CGf4N9jfBAf5yRm65qzTvpufmxs4yrWFLGXBJMtmftJ6yibqA/0 ;
msgid : 6408084823721230126 ;
mediaid : XEuTTR8mFI_RMLt6AR6SlPB1S55wmfG3v92mq6XtF93WtAda14LpUQyk-0puVveI ;
url : http://mmbiz.qpic.cn/mmbiz_jpg/nlX9GeD1tGvkGg2Y6muyVoEv2SicIXHKQvBdvq7CGf4N9jfBAf5yRm65qzTvpufmxs4yrWFLGXBJMtmftJ6yibqA/0 ;

2017-04-12 20:01:55 params :
------------
Array:
rule : -2 ;
module :  ;
message : Array ;

2017-04-12 20:01:55 response :
------------

2017-04-12 20:01:55 trace :
------------
Array:
from : odqkOv3yiiwS04L3ugRhT6dHJ-zc ;
to : gh_2187ab593506 ;
time : 1491998515 ;
type : image ;
event :  ;
tousername : gh_2187ab593506 ;
fromusername : odqkOv3yiiwS04L3ugRhT6dHJ-zc ;
createtime : 1491998515 ;
msgtype : image ;
picurl : http://mmbiz.qpic.cn/mmbiz_jpg/nlX9GeD1tGvkGg2Y6muyVoEv2SicIXHKQkJ6W09ZLFO4lj5UrwpZBFn1EEwJE1ib7NyJH0skjqh5k4BQEep4Xauw/0 ;
msgid : 6408084828016197423 ;
mediaid : LCbSLoZ65wHvKxz6RuRU2NkNDsA0tkMrgr4uby8XIcQLGBSr9DVEq-Gnu7CLzCdb ;
url : http://mmbiz.qpic.cn/mmbiz_jpg/nlX9GeD1tGvkGg2Y6muyVoEv2SicIXHKQkJ6W09ZLFO4lj5UrwpZBFn1EEwJE1ib7NyJH0skjqh5k4BQEep4Xauw/0 ;

2017-04-12 20:01:55 params :
------------
Array:
rule : -2 ;
module :  ;
message : Array ;

2017-04-12 20:01:55 response :
------------

2017-04-12 20:01:55 trace :
------------
Array:
from : odqkOv3yiiwS04L3ugRhT6dHJ-zc ;
to : gh_2187ab593506 ;
time : 1491998515 ;
type : image ;
event :  ;
tousername : gh_2187ab593506 ;
fromusername : odqkOv3yiiwS04L3ugRhT6dHJ-zc ;
createtime : 1491998515 ;
msgtype : image ;
picurl : http://mmbiz.qpic.cn/mmbiz_jpg/nlX9GeD1tGvkGg2Y6muyVoEv2SicIXHKQ5Kxib2b1jZtEDp4WtEzOkUv4V1n1MxwGMw5bAdAMpQPD1Nt5dwiberYw/0 ;
msgid : 6408084828016197424 ;
mediaid : J4WwmdjIRdZAQ1j7Ff1qAZuIXK-ux0jrlauT65SV2NKxp-pJLbW46xVjYtMw_Hww ;
url : http://mmbiz.qpic.cn/mmbiz_jpg/nlX9GeD1tGvkGg2Y6muyVoEv2SicIXHKQ5Kxib2b1jZtEDp4WtEzOkUv4V1n1MxwGMw5bAdAMpQPD1Nt5dwiberYw/0 ;

2017-04-12 20:01:55 params :
------------
Array:
rule : -2 ;
module :  ;
message : Array ;

2017-04-12 20:01:55 response :
------------

2017-04-12 20:01:57 trace :
------------
Array:
from : odqkOv3yiiwS04L3ugRhT6dHJ-zc ;
to : gh_2187ab593506 ;
time : 1491998517 ;
type : text ;
event :  ;
tousername : gh_2187ab593506 ;
fromusername : odqkOv3yiiwS04L3ugRhT6dHJ-zc ;
createtime : 1491998517 ;
msgtype : text ;
content : 
大家正在搜：尤文 巴萨f
E首页
视频
F发现
G游戏
H街墙2
I23
*
ß
 ;
msgid : 6408084836606132017 ;
redirection :  ;
source :  ;

2017-04-12 20:01:57 params :
------------
Array:
rule : -2 ;
module :  ;
message : Array ;

2017-04-12 20:01:57 response :
------------

2017-04-12 20:01:57 trace :
------------
Array:
from : odqkOv3yiiwS04L3ugRhT6dHJ-zc ;
to : gh_2187ab593506 ;
time : 1491998517 ;
type : text ;
event :  ;
tousername : gh_2187ab593506 ;
fromusername : odqkOv3yiiwS04L3ugRhT6dHJ-zc ;
createtime : 1491998517 ;
msgtype : text ;
content : 如果心累了，

就停下来放空一会儿，
沏一杯清茶，
放一曲淡淡的音乐，
让自己溶化在袅袅的清香和悠扬的音乐中…
 ;
msgid : 6408084836606132020 ;
redirection :  ;
source :  ;

2017-04-12 20:01:58 params :
------------
Array:
rule : -2 ;
module :  ;
message : Array ;

2017-04-12 20:01:58 response :
------------

2017-04-12 20:01:58 trace :
------------
Array:
from : odqkOv3yiiwS04L3ugRhT6dHJ-zc ;
to : gh_2187ab593506 ;
time : 1491998517 ;
type : text ;
event :  ;
tousername : gh_2187ab593506 ;
fromusername : odqkOv3yiiwS04L3ugRhT6dHJ-zc ;
createtime : 1491998517 ;
msgtype : text ;
content : 是你的，永远都是你的；

不是你的，留也留不住。
命里有时终需有，
命里无时莫强求。
 ;
msgid : 6408084836606132022 ;
redirection :  ;
source :  ;

2017-04-12 20:01:58 params :
------------
Array:
rule : -2 ;
module :  ;
message : Array ;

2017-04-12 20:01:58 response :
------------

2017-04-12 20:01:58 trace :
------------
Array:
from : odqkOv3yiiwS04L3ugRhT6dHJ-zc ;
to : gh_2187ab593506 ;
time : 1491998517 ;
type : text ;
event :  ;
tousername : gh_2187ab593506 ;
fromusername : odqkOv3yiiwS04L3ugRhT6dHJ-zc ;
createtime : 1491998517 ;
msgtype : text ;
content : 人生就像一杯茶
 ;
msgid : 6408084836606132018 ;
redirection :  ;
source :  ;

2017-04-12 20:01:58 trace :
------------
Array:
from : odqkOv3yiiwS04L3ugRhT6dHJ-zc ;
to : gh_2187ab593506 ;
time : 1491998517 ;
type : text ;
event :  ;
tousername : gh_2187ab593506 ;
fromusername : odqkOv3yiiwS04L3ugRhT6dHJ-zc ;
createtime : 1491998517 ;
msgtype : text ;
content : 东方社工  2017-04-12 17:59:12 举报
阅读数：192
​​​曹操再奸都有知心友，
刘备再好都有死对头。
不要太在乎别人对你的评价，
做好自己的人，
走好自己的路。
 ;
msgid : 6408084836606132019 ;
redirection :  ;
source :  ;

2017-04-12 20:01:58 trace :
------------
Array:
from : odqkOv3yiiwS04L3ugRhT6dHJ-zc ;
to : gh_2187ab593506 ;
time : 1491998517 ;
type : text ;
event :  ;
tousername : gh_2187ab593506 ;
fromusername : odqkOv3yiiwS04L3ugRhT6dHJ-zc ;
createtime : 1491998517 ;
msgtype : text ;
content : 人生，该说的要说，

该哑的要哑，是一种聪明。
人生，该干的要干，
该退的要退，是一种睿智。
人生，该显的要显，
该藏的要藏，是一种境界。
 ;
msgid : 6408084836606132021 ;
redirection :  ;
source :  ;

2017-04-12 20:01:58 params :
------------
Array:
rule : -2 ;
module :  ;
message : Array ;

2017-04-12 20:01:58 response :
------------

2017-04-12 20:01:58 params :
------------
Array:
rule : -2 ;
module :  ;
message : Array ;

2017-04-12 20:01:58 response :
------------

2017-04-12 20:01:58 trace :
------------
Array:
from : odqkOv3yiiwS04L3ugRhT6dHJ-zc ;
to : gh_2187ab593506 ;
time : 1491998517 ;
type : text ;
event :  ;
tousername : gh_2187ab593506 ;
fromusername : odqkOv3yiiwS04L3ugRhT6dHJ-zc ;
createtime : 1491998517 ;
msgtype : text ;
content : 
如果，不幸福，
如果，不快乐，
那就放手吧；
如果，舍不得、放不下，
就痛苦吧。
 ;
msgid : 6408084836606132023 ;
redirection :  ;
source :  ;

2017-04-12 20:01:58 params :
------------
Array:
rule : -2 ;
module :  ;
message : Array ;

2017-04-12 20:01:58 response :
------------

2017-04-12 20:01:58 trace :
------------
Array:
from : odqkOv3yiiwS04L3ugRhT6dHJ-zc ;
to : gh_2187ab593506 ;
time : 1491998517 ;
type : text ;
event :  ;
tousername : gh_2187ab593506 ;
fromusername : odqkOv3yiiwS04L3ugRhT6dHJ-zc ;
createtime : 1491998517 ;
msgtype : text ;
content : 人生就像一杯茶，

会苦一阵子，
但不会苦一辈子。​​​​
 ;
msgid : 6408084836606132026 ;
redirection :  ;
source :  ;

2017-04-12 20:01:58 trace :
------------
Array:
from : odqkOv3yiiwS04L3ugRhT6dHJ-zc ;
to : gh_2187ab593506 ;
time : 1491998517 ;
type : text ;
event :  ;
tousername : gh_2187ab593506 ;
fromusername : odqkOv3yiiwS04L3ugRhT6dHJ-zc ;
createtime : 1491998517 ;
msgtype : text ;
content : 东方社工
东方社工论坛（http://eastsw.haotui.com）管理员的微博，社会工作师
+关注
点赞是美意，打赏是鼓励
赏
1次打赏
推荐阅读
换一换 查看更多
转发 7
评论
评论

Ú
微博精彩热门微博热门话题名人堂微博会员微相册微游戏微指数手机玩微博扫码下载，更多版本
戳这里认证&合作申请认证开放平台企业微博链接网站微博标识广告服务微博商学院微博帮助常见问题自助服务
关于微博微博帮助意见反馈舞弊举报开放平台微博招聘新浪网导航社区管理中心微博社区公约京ICP证100780号互联网药品服务许可证
Copyright ? 2009-2015 WEIBO 北京微梦创科网络技术有限公司京网文[2014]2046-296号京ICP备12002058号增值电信业务经营许可证B2-20140447                中文(简体)               中文(台灣)               中文(香港)               English              
服务热线：4000 960 960（个人/企业）服务时间9:00-21:00 4000 980 980（广告主）服务时间9:00-18:00 （按当地市话标准计算）
 ;
msgid : 6408084836606132027 ;
redirection :  ;
source :  ;

2017-04-12 20:01:58 trace :
------------
Array:
from : odqkOv3yiiwS04L3ugRhT6dHJ-zc ;
to : gh_2187ab593506 ;
time : 1491998517 ;
type : text ;
event :  ;
tousername : gh_2187ab593506 ;
fromusername : odqkOv3yiiwS04L3ugRhT6dHJ-zc ;
createtime : 1491998517 ;
msgtype : text ;
content : 再好的东西都有失去的一天，

再深的记忆也有淡忘的一天，
再爱的人，也有远走的一天，
再美的梦，也有惊醒的一天。
 ;
msgid : 6408084836606132024 ;
redirection :  ;
source :  ;

2017-04-12 20:01:58 params :
------------
Array:
rule : -2 ;
module :  ;
message : Array ;

2017-04-12 20:01:58 response :
------------

2017-04-12 20:01:58 params :
------------
Array:
rule : -2 ;
module :  ;
message : Array ;

2017-04-12 20:01:58 response :
------------

2017-04-12 20:01:58 trace :
------------
Array:
from : odqkOv3yiiwS04L3ugRhT6dHJ-zc ;
to : gh_2187ab593506 ;
time : 1491998517 ;
type : text ;
event :  ;
tousername : gh_2187ab593506 ;
fromusername : odqkOv3yiiwS04L3ugRhT6dHJ-zc ;
createtime : 1491998517 ;
msgtype : text ;
content : 有喜有悲才是人生，

有苦有甜才是生活。
再大的伤痛，
睡一觉就把它忘了，
老是背着昨天，
会累坏了自己。
边走边忘，
才能好好感受到每一个幸福。
 ;
msgid : 6408084836606132025 ;
redirection :  ;
source :  ;

2017-04-12 20:01:58 params :
------------
Array:
rule : -2 ;
module :  ;
message : Array ;

2017-04-12 20:01:58 response :
------------

2017-04-12 20:01:58 params :
------------
Array:
rule : -2 ;
module :  ;
message : Array ;

2017-04-12 20:01:58 response :
------------

2017-04-12 20:01:58 trace :
------------
Array:
from : odqkOv3yiiwS04L3ugRhT6dHJ-zc ;
to : gh_2187ab593506 ;
time : 1491998518 ;
type : image ;
event :  ;
tousername : gh_2187ab593506 ;
fromusername : odqkOv3yiiwS04L3ugRhT6dHJ-zc ;
createtime : 1491998518 ;
msgtype : image ;
picurl : http://mmbiz.qpic.cn/mmbiz_jpg/nlX9GeD1tGvkGg2Y6muyVoEv2SicIXHKQyjd2tORgfibn4ib6chTJ2fxSMNOGuYcR2oqXFkPicnIrGpmkJFKPxYH8A/0 ;
msgid : 6408084840901099325 ;
mediaid : M_ChfJ4JZYHByLvCUtONV9V9mmwwfYiEOg6-uAnjxIa9FnHj--W5X3S-oYdAJ38J ;
url : http://mmbiz.qpic.cn/mmbiz_jpg/nlX9GeD1tGvkGg2Y6muyVoEv2SicIXHKQyjd2tORgfibn4ib6chTJ2fxSMNOGuYcR2oqXFkPicnIrGpmkJFKPxYH8A/0 ;

2017-04-12 20:01:59 trace :
------------
Array:
from : odqkOv3yiiwS04L3ugRhT6dHJ-zc ;
to : gh_2187ab593506 ;
time : 1491998518 ;
type : image ;
event :  ;
tousername : gh_2187ab593506 ;
fromusername : odqkOv3yiiwS04L3ugRhT6dHJ-zc ;
createtime : 1491998518 ;
msgtype : image ;
picurl : http://mmbiz.qpic.cn/mmbiz_jpg/nlX9GeD1tGvkGg2Y6muyVoEv2SicIXHKQsRun4rHDia3XsyGjrWLBuZfOYr75ebut89oUlpEVFSrt9MIJWwibc4mg/0 ;
msgid : 6408084840901099324 ;
mediaid : KNP3iDMRottjDP6DEeG9QzTY22Nx7tt9XAeGz06Qvha6l1H4F4doZK_QhLs356DR ;
url : http://mmbiz.qpic.cn/mmbiz_jpg/nlX9GeD1tGvkGg2Y6muyVoEv2SicIXHKQsRun4rHDia3XsyGjrWLBuZfOYr75ebut89oUlpEVFSrt9MIJWwibc4mg/0 ;

2017-04-12 20:01:59 params :
------------
Array:
rule : -2 ;
module :  ;
message : Array ;

2017-04-12 20:01:59 response :
------------

2017-04-12 20:01:59 params :
------------
Array:
rule : -2 ;
module :  ;
message : Array ;

2017-04-12 20:01:59 response :
------------

2017-04-12 20:01:59 trace :
------------
Array:
from : odqkOv3yiiwS04L3ugRhT6dHJ-zc ;
to : gh_2187ab593506 ;
time : 1491998518 ;
type : image ;
event :  ;
tousername : gh_2187ab593506 ;
fromusername : odqkOv3yiiwS04L3ugRhT6dHJ-zc ;
createtime : 1491998518 ;
msgtype : image ;
picurl : http://mmbiz.qpic.cn/mmbiz_jpg/nlX9GeD1tGvkGg2Y6muyVoEv2SicIXHKQibdb3M1Xib57HQoDoPbeGgYmlNfpWicFBMOUiakXpzdAqoVuCq97uNLRyQ/0 ;
msgid : 6408084840901099326 ;
mediaid : 5h_EptmwSi_z2O4HBaPbznY5folDncKwELk-nDxrhpZ_w4JvSIma6vAe9H5XIDWe ;
url : http://mmbiz.qpic.cn/mmbiz_jpg/nlX9GeD1tGvkGg2Y6muyVoEv2SicIXHKQibdb3M1Xib57HQoDoPbeGgYmlNfpWicFBMOUiakXpzdAqoVuCq97uNLRyQ/0 ;

2017-04-12 20:01:59 params :
------------
Array:
rule : -2 ;
module :  ;
message : Array ;

2017-04-12 20:01:59 response :
------------

2017-04-12 20:01:59 trace :
------------
Array:
from : odqkOv3yiiwS04L3ugRhT6dHJ-zc ;
to : gh_2187ab593506 ;
time : 1491998518 ;
type : image ;
event :  ;
tousername : gh_2187ab593506 ;
fromusername : odqkOv3yiiwS04L3ugRhT6dHJ-zc ;
createtime : 1491998518 ;
msgtype : image ;
picurl : http://mmbiz.qpic.cn/mmbiz_jpg/nlX9GeD1tGvkGg2Y6muyVoEv2SicIXHKQ018iaMZHY2r0NjnEbAgYN7GZ0yXz3eRP3H4xAa3LicJhlT2t0NabZnog/0 ;
msgid : 6408084840901099327 ;
mediaid : gBWYvUp_0b54LBt4mV9sdE-wMwCdN2IerJKyJMFrCKfwAZDZJ-hDQ7_zJTf5mpxc ;
url : http://mmbiz.qpic.cn/mmbiz_jpg/nlX9GeD1tGvkGg2Y6muyVoEv2SicIXHKQ018iaMZHY2r0NjnEbAgYN7GZ0yXz3eRP3H4xAa3LicJhlT2t0NabZnog/0 ;

2017-04-12 20:01:59 params :
------------
Array:
rule : -2 ;
module :  ;
message : Array ;

2017-04-12 20:01:59 response :
------------

2017-04-12 20:01:59 trace :
------------
Array:
from : odqkOv3yiiwS04L3ugRhT6dHJ-zc ;
to : gh_2187ab593506 ;
time : 1491998519 ;
type : image ;
event :  ;
tousername : gh_2187ab593506 ;
fromusername : odqkOv3yiiwS04L3ugRhT6dHJ-zc ;
createtime : 1491998519 ;
msgtype : image ;
picurl : http://mmbiz.qpic.cn/mmbiz_jpg/nlX9GeD1tGvkGg2Y6muyVoEv2SicIXHKQ4Y1Y1Uc0gXtp7LLl3vtZZtX3TzRD7zYOooJrgzu3d3W3LC9JhjgyVw/0 ;
msgid : 6408084845196066624 ;
mediaid : 5zJguyvoybE-nhY-f0Pk7EdtJKnMezrXsPbJYk-7DHXcTCfVhGPfO1SpLfQxpQRM ;
url : http://mmbiz.qpic.cn/mmbiz_jpg/nlX9GeD1tGvkGg2Y6muyVoEv2SicIXHKQ4Y1Y1Uc0gXtp7LLl3vtZZtX3TzRD7zYOooJrgzu3d3W3LC9JhjgyVw/0 ;

2017-04-12 20:02:00 params :
------------
Array:
rule : -2 ;
module :  ;
message : Array ;

2017-04-12 20:02:00 response :
------------

2017-04-12 20:02:00 trace :
------------
Array:
from : odqkOv3yiiwS04L3ugRhT6dHJ-zc ;
to : gh_2187ab593506 ;
time : 1491998519 ;
type : image ;
event :  ;
tousername : gh_2187ab593506 ;
fromusername : odqkOv3yiiwS04L3ugRhT6dHJ-zc ;
createtime : 1491998519 ;
msgtype : image ;
picurl : http://mmbiz.qpic.cn/mmbiz_jpg/nlX9GeD1tGvkGg2Y6muyVoEv2SicIXHKQgkJTCGIWlNoAicdl5LoB1qk3ArPG7DuHolZIJr2tmYtVdP5ibvZN9FIA/0 ;
msgid : 6408084845196066625 ;
mediaid : aKKFAJ0gp0SWrt4JpTEyyF79HV12TgJ0v6L0QKF_THQjAY5oJrJbLY3egqIj9PwQ ;
url : http://mmbiz.qpic.cn/mmbiz_jpg/nlX9GeD1tGvkGg2Y6muyVoEv2SicIXHKQgkJTCGIWlNoAicdl5LoB1qk3ArPG7DuHolZIJr2tmYtVdP5ibvZN9FIA/0 ;

2017-04-12 20:02:00 params :
------------
Array:
rule : -2 ;
module :  ;
message : Array ;

2017-04-12 20:02:00 response :
------------

2017-04-12 20:02:00 trace :
------------
Array:
from : odqkOv3yiiwS04L3ugRhT6dHJ-zc ;
to : gh_2187ab593506 ;
time : 1491998519 ;
type : image ;
event :  ;
tousername : gh_2187ab593506 ;
fromusername : odqkOv3yiiwS04L3ugRhT6dHJ-zc ;
createtime : 1491998519 ;
msgtype : image ;
picurl : http://mmbiz.qpic.cn/mmbiz_jpg/nlX9GeD1tGvkGg2Y6muyVoEv2SicIXHKQ4udhhY5XPZDzZcKvkDt8GVCTb3WeaOVKJ7ua0UCrh2KRDMQ58cDplA/0 ;
msgid : 6408084845196066626 ;
mediaid : IVKrUbzB6-uiEqRTjHdnKQYA9386pahT-ygNHOxH3xCqkCH1DUVYJv0SDq9J-_QM ;
url : http://mmbiz.qpic.cn/mmbiz_jpg/nlX9GeD1tGvkGg2Y6muyVoEv2SicIXHKQ4udhhY5XPZDzZcKvkDt8GVCTb3WeaOVKJ7ua0UCrh2KRDMQ58cDplA/0 ;

2017-04-12 20:02:00 trace :
------------
Array:
from : odqkOv3yiiwS04L3ugRhT6dHJ-zc ;
to : gh_2187ab593506 ;
time : 1491998520 ;
type : image ;
event :  ;
tousername : gh_2187ab593506 ;
fromusername : odqkOv3yiiwS04L3ugRhT6dHJ-zc ;
createtime : 1491998520 ;
msgtype : image ;
picurl : http://mmbiz.qpic.cn/mmbiz_jpg/nlX9GeD1tGvkGg2Y6muyVoEv2SicIXHKQyjd2tORgfibn4ib6chTJ2fxSMNOGuYcR2oqXFkPicnIrGpmkJFKPxYH8A/0 ;
msgid : 6408084849491033924 ;
mediaid : oanMUBtre4mffO_Y7rRDEz-kyreKuygN-jDJOxe6FIGRmLZ9FyYXoDtgoj7HaxzI ;
url : http://mmbiz.qpic.cn/mmbiz_jpg/nlX9GeD1tGvkGg2Y6muyVoEv2SicIXHKQyjd2tORgfibn4ib6chTJ2fxSMNOGuYcR2oqXFkPicnIrGpmkJFKPxYH8A/0 ;

2017-04-12 20:02:00 params :
------------
Array:
rule : -2 ;
module :  ;
message : Array ;

2017-04-12 20:02:00 response :
------------

2017-04-12 20:02:00 params :
------------
Array:
rule : -2 ;
module :  ;
message : Array ;

2017-04-12 20:02:00 response :
------------

2017-04-12 20:02:00 trace :
------------
Array:
from : odqkOv3yiiwS04L3ugRhT6dHJ-zc ;
to : gh_2187ab593506 ;
time : 1491998519 ;
type : image ;
event :  ;
tousername : gh_2187ab593506 ;
fromusername : odqkOv3yiiwS04L3ugRhT6dHJ-zc ;
createtime : 1491998519 ;
msgtype : image ;
picurl : http://mmbiz.qpic.cn/mmbiz_jpg/nlX9GeD1tGvkGg2Y6muyVoEv2SicIXHKQTEZ4LKYiaEu11SeO4PSkYYlY7x4oE1Zkic7ibkqvgic5Lv8SzxhnNVHA6g/0 ;
msgid : 6408084845196066627 ;
mediaid : TBYxGX3VmIAzHwg95eRYRtsHAgiHpwxdbYA880AT2f0lJo7U5qMegdzwjaMjbcCF ;
url : http://mmbiz.qpic.cn/mmbiz_jpg/nlX9GeD1tGvkGg2Y6muyVoEv2SicIXHKQTEZ4LKYiaEu11SeO4PSkYYlY7x4oE1Zkic7ibkqvgic5Lv8SzxhnNVHA6g/0 ;

2017-04-12 20:02:00 params :
------------
Array:
rule : -2 ;
module :  ;
message : Array ;

2017-04-12 20:02:00 response :
------------

