2017-06-02 04:25:24 trace :
------------
Array:
from : odqkOv2duro1pL0hf-j_Mb2UZjtw ;
to : gh_2187ab593506 ;
time : 1496348724 ;
type : event ;
event : verify_expired ;
tousername : gh_2187ab593506 ;
fromusername : odqkOv2duro1pL0hf-j_Mb2UZjtw ;
createtime : 1496348724 ;
msgtype : event ;
expiredtime : 1496226454 ;

2017-06-02 04:25:24 params :
------------
Array:
rule : -2 ;
module :  ;
message : Array ;

2017-06-02 04:25:24 response :
------------

2017-06-02 11:44:45 trace :
------------
Array:
from : odqkOv3yiiwS04L3ugRhT6dHJ-zc ;
to : gh_2187ab593506 ;
time : 1496375085 ;
type : event ;
event : VIEW ;
tousername : gh_2187ab593506 ;
fromusername : odqkOv3yiiwS04L3ugRhT6dHJ-zc ;
createtime : 1496375085 ;
msgtype : event ;
eventkey : http://wd.jieqiangtec.com/app/index.php?i=4&c=entry&do=shop&m=ewei_shop ;
menuid : 407053830 ;

2017-06-02 11:44:45 params :
------------
Array:
rule : -2 ;
module :  ;
message : Array ;

2017-06-02 11:44:45 response :
------------

2017-06-02 11:45:23 trace :
------------
Array:
from : odqkOv3yiiwS04L3ugRhT6dHJ-zc ;
to : gh_2187ab593506 ;
time : 1496375123 ;
type : event ;
event : VIEW ;
tousername : gh_2187ab593506 ;
fromusername : odqkOv3yiiwS04L3ugRhT6dHJ-zc ;
createtime : 1496375123 ;
msgtype : event ;
eventkey : http://wd.jieqiangtec.com/app/index.php?i=4&c=entry&do=shop&m=ewei_shop ;
menuid : 407053830 ;

2017-06-02 11:45:23 params :
------------
Array:
rule : -2 ;
module :  ;
message : Array ;

2017-06-02 11:45:23 response :
------------

2017-06-02 11:46:46 trace :
------------
Array:
from : odqkOv3yiiwS04L3ugRhT6dHJ-zc ;
to : gh_2187ab593506 ;
time : 1496375206 ;
type : event ;
event : TEMPLATESENDJOBFINISH ;
tousername : gh_2187ab593506 ;
fromusername : odqkOv3yiiwS04L3ugRhT6dHJ-zc ;
createtime : 1496375206 ;
msgtype : event ;
msgid : 411387907 ;
status : success ;

2017-06-02 11:46:46 params :
------------
Array:
rule : -2 ;
module :  ;
message : Array ;

2017-06-02 11:46:46 response :
------------

2017-06-02 11:46:54 trace :
------------
Array:
from : odqkOv3yiiwS04L3ugRhT6dHJ-zc ;
to : gh_2187ab593506 ;
time : 1496375214 ;
type : event ;
event : TEMPLATESENDJOBFINISH ;
tousername : gh_2187ab593506 ;
fromusername : odqkOv3yiiwS04L3ugRhT6dHJ-zc ;
createtime : 1496375214 ;
msgtype : event ;
msgid : 411387908 ;
status : success ;

2017-06-02 11:46:54 params :
------------
Array:
rule : -2 ;
module :  ;
message : Array ;

2017-06-02 11:46:54 response :
------------

2017-06-02 11:47:49 trace :
------------
Array:
from : odqkOv3yiiwS04L3ugRhT6dHJ-zc ;
to : gh_2187ab593506 ;
time : 1496375268 ;
type : event ;
event : VIEW ;
tousername : gh_2187ab593506 ;
fromusername : odqkOv3yiiwS04L3ugRhT6dHJ-zc ;
createtime : 1496375268 ;
msgtype : event ;
eventkey : http://wd.jieqiangtec.com/app/index.php?i=4&c=entry&do=shop&m=ewei_shop ;
menuid : 407053830 ;

2017-06-02 11:47:49 params :
------------
Array:
rule : -2 ;
module :  ;
message : Array ;

2017-06-02 11:47:49 response :
------------

2017-06-02 11:48:37 trace :
------------
Array:
from : odqkOv3yiiwS04L3ugRhT6dHJ-zc ;
to : gh_2187ab593506 ;
time : 1496375317 ;
type : event ;
event : TEMPLATESENDJOBFINISH ;
tousername : gh_2187ab593506 ;
fromusername : odqkOv3yiiwS04L3ugRhT6dHJ-zc ;
createtime : 1496375317 ;
msgtype : event ;
msgid : 411387943 ;
status : success ;

2017-06-02 11:48:37 params :
------------
Array:
rule : -2 ;
module :  ;
message : Array ;

2017-06-02 11:48:37 response :
------------

